<?xml version="1.0" encoding="UTF-8"?>
<!-- Generated by org.testng.reporters.JUnitReportReporter -->
<testsuite hostname="DESKTOP-2TQG2BA" failures="0" tests="1" name="CommonUtils.BaseClass" time="42.279" errors="0" timestamp="2024-01-23T22:22:54 GMT-08:00" skipped="0">
  <testcase classname="CommonUtils.BaseClass" name="LeadTest" time="42.279"/>
</testsuite> <!-- CommonUtils.BaseClass -->
